<?xml version='1.0'?>
<ns2:test-suite xmlns:ns2='urn:model.allure.qatools.yandex.ru' start='1735828873031' stop='1735828874138'>
    <name>API Tests for /api/books</name>
    <title>API Tests for /api/books</title>
    <test-cases>
        <test-case start='1735828873031' status='passed' stop='1735828873160'>
            <name>should successfully create a book (201)</name>
            <title>should successfully create a book (201)</title>
            <labels/>
            <parameters/>
            <steps/>
            <attachments/>
        </test-case>
        <test-case start='1735828873171' status='passed' stop='1735828873296'>
            <name>should return 400 for missing mandatory parameters</name>
            <title>should return 400 for missing mandatory parameters</title>
            <labels/>
            <parameters/>
            <steps/>
            <attachments/>
        </test-case>
        <test-case start='1735828873304' status='passed' stop='1735828873411'>
            <name>should return 201 for adding book without ID</name>
            <title>should return 201 for adding book without ID</title>
            <labels/>
            <parameters/>
            <steps/>
            <attachments/>
        </test-case>
        <test-case start='1735828873419' status='passed' stop='1735828873519'>
            <name>should return 401 for incorrect authentication</name>
            <title>should return 401 for incorrect authentication</title>
            <labels/>
            <parameters/>
            <steps/>
            <attachments/>
        </test-case>
        <test-case start='1735828873526' status='passed' stop='1735828873624'>
            <name>should return 208 Already Reported when adding a book with the same title</name>
            <title>should return 208 Already Reported when adding a book with the same title</title>
            <labels/>
            <parameters/>
            <steps/>
            <attachments/>
        </test-case>
        <test-case start='1735828873631' status='failed' stop='1735828873885'>
            <name>should return 400 for adding book without title and author</name>
            <title>should return 400 for adding book without title and author</title>
            <labels/>
            <parameters/>
            <steps/>
            <attachments/>
            <failure>
                <message>expected 201 to equal 400</message>
                <stack-trace>AssertionError: expected 201 to equal 400
                    at Context.eval (http://localhost:61624/__cypress/tests?p=cypress\integration\api\books\post-admin.cy.js:107:36)</stack-trace>
            </failure>
        </test-case>
        <test-case start='1735828873896' status='failed' stop='1735828874134'>
            <name>should return 400 for adding book with existing ID</name>
            <title>should return 400 for adding book with existing ID</title>
            <labels/>
            <parameters/>
            <steps/>
            <attachments/>
            <failure>
                <message>expected 201 to equal 400</message>
                <stack-trace>AssertionError: expected 201 to equal 400
                    at Context.eval (http://localhost:61624/__cypress/tests?p=cypress\integration\api\books\post-admin.cy.js:123:36)</stack-trace>
            </failure>
        </test-case>
    </test-cases>
</ns2:test-suite>